Build started 2016/1/12 14:58:27.
     1>Project "D:\work\m_baidupushsdk\baidupushsdk\baidupushsdk.vcxproj" on node 2 (build target(s)).
     1>InitializeBuildStatus:
         Creating "Release\baidupushsdk.unsuccessfulbuild" because "AlwaysCreate" was specified.
       ClCompile:
         d:\Program Files\Microsoft Visual Studio 10.0\VC\bin\CL.exe /c /Zi /nologo /W3 /WX- /O2 /Oi /Oy- /GL /D WIN32 /D NDEBUG /D _CONSOLE /Gm- /EHsc /MD /GS /Gy /fp:precise /Zc:wchar_t /Zc:forScope /Fo"Release\\" /Fd"Release\vc100.pdb" /Gd /TP /analyze- /errorReport:prompt baidupush.cpp
         baidupush.cpp
     1>baidupush.cpp(100): warning C4018: '<' : signed/unsigned mismatch
       Link:
         d:\Program Files\Microsoft Visual Studio 10.0\VC\bin\link.exe /ERRORREPORT:PROMPT /OUT:"D:\work\m_baidupushsdk\Release\baidupushsdk.exe" /INCREMENTAL:NO /NOLOGO kernel32.lib user32.lib gdi32.lib winspool.lib comdlg32.lib advapi32.lib shell32.lib ole32.lib oleaut32.lib uuid.lib odbc32.lib odbccp32.lib /MANIFEST /ManifestFile:"Release\baidupushsdk.exe.intermediate.manifest" /MANIFESTUAC:"level='asInvoker' uiAccess='false'" /DEBUG /PDB:"D:\work\m_baidupushsdk\Release\baidupushsdk.pdb" /SUBSYSTEM:CONSOLE /OPT:REF /OPT:ICF /LTCG /TLBID:1 /DYNAMICBASE /NXCOMPAT /IMPLIB:"D:\work\m_baidupushsdk\Release\baidupushsdk.lib" /MACHINE:X86 Release\baidupush.obj
         Release\baidupushsdk.obj
         Generating code
         Finished generating code
         baidupushsdk.vcxproj -> D:\work\m_baidupushsdk\Release\baidupushsdk.exe
       Manifest:
         C:\Program Files\Microsoft SDKs\Windows\v7.0A\bin\mt.exe /nologo /verbose /outputresource:"D:\work\m_baidupushsdk\Release\baidupushsdk.exe;#1" /manifest Release\baidupushsdk.exe.intermediate.manifest
       FinalizeBuildStatus:
         Deleting file "Release\baidupushsdk.unsuccessfulbuild".
         Touching "Release\baidupushsdk.lastbuildstate".
     1>Done Building Project "D:\work\m_baidupushsdk\baidupushsdk\baidupushsdk.vcxproj" (build target(s)).

Build succeeded.

Time Elapsed 00:00:01.40
